<?xml version="1.0" encoding="UTF-8"?>
<!-- Generated by org.testng.reporters.JUnitXMLReporter -->
<testsuite ignored="1" hostname="EC2AMAZ-S11DBRH" failures="0" tests="1" name="Default test(failed)" time="8.806" errors="0" timestamp="2023-08-17T06:14:34 GMT">
  <testcase classname="testScripts.GooglePageTest" name="searchSeleniumTest" time="3.995"/>
  <testcase classname="testScripts.GooglePageTest" name="searchJavaTest" time="0.0">
    <ignored/>
  </testcase> <!-- searchJavaTest -->
</testsuite> <!-- Default test(failed) -->
