<?xml version="1.0" encoding="UTF-8"?>
<!-- Generated by org.testng.reporters.JUnitXMLReporter -->
<testsuite ignored="0" hostname="EC2AMAZ-S11DBRH" failures="0" tests="9" name="Default test" time="0.166" errors="0" timestamp="2023-08-18T06:01:43 GMT">
  <testcase classname="parallelScripts.SampleTwoTest" name="testFour" time="0.029"/>
  <testcase classname="parallelScripts.SampleTwoTest" name="testFour" time="0.03"/>
  <testcase classname="parallelScripts.SampleTwoTest" name="testFour" time="0.029"/>
  <testcase classname="parallelScripts.SampleTwoTest" name="testFour" time="0.006"/>
  <testcase classname="parallelScripts.SampleTwoTest" name="testFour" time="0.003"/>
  <testcase classname="parallelScripts.SampleTwoTest" name="testFour" time="0.012"/>
  <testcase classname="parallelScripts.SampleTwoTest" name="testOne" time="0.002"/>
  <testcase classname="parallelScripts.SampleTwoTest" name="testThree" time="0.002"/>
  <testcase classname="parallelScripts.SampleTwoTest" name="testTwo" time="0.002"/>
</testsuite> <!-- Default test -->
