<?xml version="1.0" encoding="UTF-8"?>
<!-- Generated by org.testng.reporters.JUnitXMLReporter -->
<testsuite ignored="0" hostname="EC2AMAZ-S11DBRH" failures="0" tests="8" name="ModuleOneTest" time="0.182" errors="0" timestamp="2023-08-18T05:52:30 GMT">
  <testcase classname="parallelScripts.SampleTwoTest" name="testFour" time="0.017"/>
  <testcase classname="parallelScripts.SampleTwoTest" name="testOne" time="0.002"/>
  <testcase classname="parallelScripts.SampleTwoTest" name="testThree" time="0.003"/>
  <testcase classname="parallelScripts.SampleTwoTest" name="testTwo" time="0.004"/>
  <testcase classname="parallelScripts.SamplethreeTest" name="testFour" time="0.007"/>
  <testcase classname="parallelScripts.SamplethreeTest" name="testOne" time="0.004"/>
  <testcase classname="parallelScripts.SamplethreeTest" name="testThree" time="0.001"/>
  <testcase classname="parallelScripts.SamplethreeTest" name="testTwo" time="0.012"/>
</testsuite> <!-- ModuleOneTest -->
