<?xml version="1.0" encoding="UTF-8"?>
<!-- Generated by org.testng.reporters.JUnitXMLReporter -->
<testsuite ignored="0" hostname="EC2AMAZ-S11DBRH" failures="0" tests="4" name="ModuleTwoTest" time="0.188" errors="0" timestamp="2023-08-18T05:52:30 GMT">
  <testcase classname="parallelScripts.SampleFourTest" name="testFour" time="0.017"/>
  <testcase classname="parallelScripts.SampleFourTest" name="testOne" time="0.053"/>
  <testcase classname="parallelScripts.SampleFourTest" name="testThree" time="0.015"/>
  <testcase classname="parallelScripts.SampleFourTest" name="testTwo" time="0.004"/>
</testsuite> <!-- ModuleTwoTest -->
