<?xml version="1.0" encoding="UTF-8"?>
<!-- Generated by org.testng.reporters.JUnitXMLReporter -->
<testsuite ignored="2" hostname="EC2AMAZ-S11DBRH" failures="0" tests="6" name="ModuleOneTest" time="0.101" errors="0" timestamp="2023-08-17T07:48:12 GMT">
  <testcase classname="testScripts.SamplethreeTest" name="testOne" time="0.012"/>
  <testcase classname="testScripts.SamplethreeTest" name="testThree" time="0.002"/>
  <testcase classname="testScripts.SamplethreeTest" name="testTwo" time="0.002"/>
  <testcase classname="testScripts.SampleFourTest" name="testOne" time="0.002"/>
  <testcase classname="testScripts.SampleFourTest" name="testThree" time="0.002"/>
  <testcase classname="testScripts.SampleFourTest" name="testTwo" time="0.002"/>
  <testcase classname="testScripts.SamplethreeTest" name="testFour" time="0.0">
    <ignored/>
  </testcase> <!-- testFour -->
  <testcase classname="testScripts.SampleFourTest" name="testFour" time="0.0">
    <ignored/>
  </testcase> <!-- testFour -->
</testsuite> <!-- ModuleOneTest -->
