<?xml version="1.0" encoding="UTF-8"?>
<testng-results ignored="6" total="8" passed="2" failed="0" skipped="0">
  <reporter-output>
  </reporter-output>
  <suite started-at="2023-08-17T07:30:38 GMT" name="SampleSuite" finished-at="2023-08-17T07:30:38 GMT" duration-ms="98">
    <groups>
      <group name="feature1">
        <method signature="SampleFourTest.testOne()[pri:0, instance:testScripts.SampleFourTest@2c1b194a]" name="testOne" class="testScripts.SampleFourTest"/>
        <method signature="SamplethreeTest.testOne()[pri:0, instance:testScripts.SamplethreeTest@37d4349f]" name="testOne" class="testScripts.SamplethreeTest"/>
      </group> <!-- feature1 -->
    </groups>
    <test started-at="2023-08-17T07:30:38 GMT" name="ModuleOneTest" finished-at="2023-08-17T07:30:38 GMT" duration-ms="98">
      <class name="testScripts.SamplethreeTest">
        <test-method signature="testOne()[pri:0, instance:testScripts.SamplethreeTest@37d4349f]" started-at="2023-08-17T07:30:38 GMT" name="testOne" finished-at="2023-08-17T07:30:38 GMT" duration-ms="15" status="PASS">
          <reporter-output>
          </reporter-output>
        </test-method> <!-- testOne -->
      </class> <!-- testScripts.SamplethreeTest -->
      <class name="testScripts.SampleFourTest">
        <test-method signature="testOne()[pri:0, instance:testScripts.SampleFourTest@2c1b194a]" started-at="2023-08-17T07:30:38 GMT" name="testOne" finished-at="2023-08-17T07:30:38 GMT" duration-ms="2" status="PASS">
          <reporter-output>
          </reporter-output>
        </test-method> <!-- testOne -->
      </class> <!-- testScripts.SampleFourTest -->
    </test> <!-- ModuleOneTest -->
  </suite> <!-- SampleSuite -->
</testng-results>
