<?xml version="1.0" encoding="UTF-8"?>
<testng-results ignored="2" total="8" passed="6" failed="0" skipped="0">
  <reporter-output>
  </reporter-output>
  <suite started-at="2023-08-17T07:48:12 GMT" name="SampleSuite" finished-at="2023-08-17T07:48:12 GMT" duration-ms="101">
    <groups>
      <group name="feature2">
        <method signature="SampleFourTest.testTwo()[pri:0, instance:testScripts.SampleFourTest@550dbc7a]" name="testTwo" class="testScripts.SampleFourTest"/>
        <method signature="SamplethreeTest.testTwo()[pri:0, instance:testScripts.SamplethreeTest@2805d709]" name="testTwo" class="testScripts.SamplethreeTest"/>
      </group> <!-- feature2 -->
      <group name="feature3">
        <method signature="SampleFourTest.testThree()[pri:0, instance:testScripts.SampleFourTest@550dbc7a]" name="testThree" class="testScripts.SampleFourTest"/>
        <method signature="SamplethreeTest.testThree()[pri:0, instance:testScripts.SamplethreeTest@2805d709]" name="testThree" class="testScripts.SamplethreeTest"/>
      </group> <!-- feature3 -->
      <group name="feature1">
        <method signature="SampleFourTest.testOne()[pri:0, instance:testScripts.SampleFourTest@550dbc7a]" name="testOne" class="testScripts.SampleFourTest"/>
        <method signature="SamplethreeTest.testOne()[pri:0, instance:testScripts.SamplethreeTest@2805d709]" name="testOne" class="testScripts.SamplethreeTest"/>
      </group> <!-- feature1 -->
    </groups>
    <test started-at="2023-08-17T07:48:12 GMT" name="ModuleOneTest" finished-at="2023-08-17T07:48:12 GMT" duration-ms="101">
      <class name="testScripts.SamplethreeTest">
        <test-method signature="testOne()[pri:0, instance:testScripts.SamplethreeTest@2805d709]" started-at="2023-08-17T07:48:12 GMT" name="testOne" finished-at="2023-08-17T07:48:12 GMT" duration-ms="12" status="PASS">
          <reporter-output>
          </reporter-output>
        </test-method> <!-- testOne -->
        <test-method signature="testThree()[pri:0, instance:testScripts.SamplethreeTest@2805d709]" started-at="2023-08-17T07:48:12 GMT" name="testThree" finished-at="2023-08-17T07:48:12 GMT" duration-ms="2" status="PASS">
          <reporter-output>
          </reporter-output>
        </test-method> <!-- testThree -->
        <test-method signature="testTwo()[pri:0, instance:testScripts.SamplethreeTest@2805d709]" started-at="2023-08-17T07:48:12 GMT" name="testTwo" finished-at="2023-08-17T07:48:12 GMT" duration-ms="2" status="PASS">
          <reporter-output>
          </reporter-output>
        </test-method> <!-- testTwo -->
      </class> <!-- testScripts.SamplethreeTest -->
      <class name="testScripts.SampleFourTest">
        <test-method signature="testOne()[pri:0, instance:testScripts.SampleFourTest@550dbc7a]" started-at="2023-08-17T07:48:12 GMT" name="testOne" finished-at="2023-08-17T07:48:12 GMT" duration-ms="2" status="PASS">
          <reporter-output>
          </reporter-output>
        </test-method> <!-- testOne -->
        <test-method signature="testThree()[pri:0, instance:testScripts.SampleFourTest@550dbc7a]" started-at="2023-08-17T07:48:12 GMT" name="testThree" finished-at="2023-08-17T07:48:12 GMT" duration-ms="2" status="PASS">
          <reporter-output>
          </reporter-output>
        </test-method> <!-- testThree -->
        <test-method signature="testTwo()[pri:0, instance:testScripts.SampleFourTest@550dbc7a]" started-at="2023-08-17T07:48:12 GMT" name="testTwo" finished-at="2023-08-17T07:48:12 GMT" duration-ms="2" status="PASS">
          <reporter-output>
          </reporter-output>
        </test-method> <!-- testTwo -->
      </class> <!-- testScripts.SampleFourTest -->
    </test> <!-- ModuleOneTest -->
  </suite> <!-- SampleSuite -->
</testng-results>
